<?xml version="1.0" encoding="utf-8"?><testsuites name="pytest tests"><testsuite name="pytest" errors="0" failures="0" skipped="0" tests="8" time="0.225" timestamp="2025-11-09T12:36:29.180812+09:00" hostname="son-pro"><testcase classname="input_test" name="test_weighted_sum_basic" time="0.001" /><testcase classname="input_test" name="test_moving_average_basic" time="0.001" /><testcase classname="input_test" name="test_moving_average_window_edge" time="0.001" /><testcase classname="input_test" name="test_moving_average_invalid" time="0.001" /><testcase classname="input_test" name="test_revenue_and_grade" time="0.001" /><testcase classname="input_test" name="test_normalize_whitespace" time="0.001" /><testcase classname="input_test" name="test_is_palindrome" time="0.001" /><testcase classname="input_test" name="test_summarize_and_email" time="0.001" /></testsuite></testsuites>